\BOOKMARK [1][-]{section.1}{\376\377\000I\000n\000t\000r\000o\000d\000u\000\347\000\343\000o}{}% 1
\BOOKMARK [1][-]{section.2}{\376\377\000F\000u\000n\000d\000a\000m\000e\000n\000t\000a\000\347\000\343\000o\000\040\000e\000\040\000c\000o\000n\000c\000e\000i\000t\000o\000s\000\040\000u\000t\000i\000l\000i\000z\000a\000d\000o\000s}{}% 2
\BOOKMARK [2][-]{subsection.2.1}{\376\377\000S\000A\000P\000L\000\040\000e\000\040\000p\000a\000d\000r\000o\000n\000i\000z\000a\000\347\000\343\000o\000\040\000d\000o\000\040\000p\000r\000o\000c\000e\000s\000s\000o\000\040\000l\000e\000g\000i\000s\000l\000a\000t\000i\000v\000o}{section.2}% 3
\BOOKMARK [2][-]{subsection.2.2}{\376\377\000A\000P\000I\000s\000\040\000H\000T\000T\000P\000,\000\040\000R\000E\000S\000T\000,\000\040\000O\000p\000e\000n\000A\000P\000I\000\040\000e\000\040\000S\000w\000a\000g\000g\000e\000r}{section.2}% 4
\BOOKMARK [2][-]{subsection.2.3}{\376\377\000P\000a\000g\000i\000n\000a\000\347\000\343\000o}{section.2}% 5
\BOOKMARK [2][-]{subsection.2.4}{\376\377\000E\000m\000b\000e\000d\000d\000i\000n\000g\000s\000,\000\040\000b\000u\000s\000c\000a\000\040\000s\000e\000m\000\342\000n\000t\000i\000c\000a\000\040\000e\000\040\000b\000a\000n\000c\000o\000\040\000v\000e\000t\000o\000r\000i\000a\000l}{section.2}% 6
\BOOKMARK [2][-]{subsection.2.5}{\376\377\000P\000r\000o\000v\000e\000n\000i\000\352\000n\000c\000i\000a\000\040\000e\000\040\000F\000A\000I\000R}{section.2}% 7
\BOOKMARK [1][-]{section.3}{\376\377\000M\000e\000t\000o\000d\000o\000l\000o\000g\000i\000a}{}% 8
\BOOKMARK [2][-]{subsection.3.1}{\376\377\000V\000i\000s\000\343\000o\000\040\000g\000e\000r\000a\000l\000\040\000d\000o\000\040\000p\000i\000p\000e\000l\000i\000n\000e}{section.3}% 9
\BOOKMARK [2][-]{subsection.3.2}{\376\377\000D\000e\000s\000c\000o\000b\000e\000r\000t\000a\000\040\000d\000e\000\040\000i\000n\000s\000t\000\342\000n\000c\000i\000a\000s\000\040\000d\000o\000\040\000S\000A\000P\000L\000\040\000e\000\040\000e\000x\000t\000r\000a\000\347\000\343\000o\000\040\000d\000e\000\040\000P\000r\000o\000j\000e\000t\000o\000s\000\040\000d\000e\000\040\000L\000e\000i}{section.3}% 10
\BOOKMARK [3][-]{subsubsection.3.2.1}{\376\377\000U\000n\000i\000v\000e\000r\000s\000o\000\040\000d\000e\000\040\000b\000u\000s\000c\000a\000\040\000e\000\040\000c\000o\000b\000e\000r\000t\000u\000r\000a\000\040\000t\000e\000r\000r\000i\000t\000o\000r\000i\000a\000l}{subsection.3.2}% 11
\BOOKMARK [3][-]{subsubsection.3.2.2}{\376\377\000G\000e\000r\000a\000\347\000\343\000o\000\040\000d\000e\000\040\000c\000a\000n\000d\000i\000d\000a\000t\000o\000s\000\040\000e\000\040\000v\000a\000l\000i\000d\000a\000\347\000\343\000o\000\040\000p\000o\000r\000\040\000e\000v\000i\000d\000\352\000n\000c\000i\000a\000\040\000p\000\372\000b\000l\000i\000c\000a}{subsection.3.2}% 12
\BOOKMARK [3][-]{subsubsection.3.2.3}{\376\377\000E\000s\000t\000r\000u\000t\000u\000r\000a\000\040\000c\000o\000n\000c\000e\000i\000t\000u\000a\000l\000\040\000d\000a\000\040\000A\000P\000I\000\040\000d\000o\000\040\000S\000A\000P\000L}{subsection.3.2}% 13
\BOOKMARK [3][-]{subsubsection.3.2.4}{\376\377\000E\000x\000t\000r\000a\000\347\000\343\000o\000\040\000d\000e\000\040\000P\000r\000o\000j\000e\000t\000o\000s\000\040\000d\000e\000\040\000L\000e\000i}{subsection.3.2}% 14
\BOOKMARK [3][-]{subsubsection.3.2.5}{\376\377\000R\000e\000s\000u\000l\000t\000a\000d\000o\000\040\000d\000a\000\040\000p\000r\000i\000m\000e\000i\000r\000a\000\040\000e\000x\000e\000c\000u\000\347\000\343\000o\000\040\000e\000\040\000c\000u\000s\000t\000o\000m\000i\000z\000a\000\347\000\365\000e\000s\000\040\000l\000o\000c\000a\000i\000s}{subsection.3.2}% 15
\BOOKMARK [3][-]{subsubsection.3.2.6}{\376\377\000R\000a\000s\000t\000r\000e\000a\000b\000i\000l\000i\000d\000a\000d\000e}{subsection.3.2}% 16
\BOOKMARK [2][-]{subsection.3.3}{\376\377\000C\000o\000n\000s\000t\000r\000u\000\347\000\343\000o\000\040\000d\000o\000\040\000t\000r\000a\000d\000u\000t\000o\000r\000\040\000d\000e\000\040\000e\000m\000e\000n\000t\000a\000s\000\040\000p\000a\000r\000a\000\040\000a\000\347\000\365\000e\000s}{section.3}% 17
\BOOKMARK [2][-]{subsection.3.4}{\376\377\000C\000o\000d\000i\000f\000i\000c\000a\000\347\000\343\000o\000\040\000d\000a\000s\000\040\000a\000\347\000\365\000e\000s\000\040\000p\000a\000r\000a\000\040\000b\000u\000s\000c\000a\000\040\000s\000e\000m\000\342\000n\000t\000i\000c\000a}{section.3}% 18
\BOOKMARK [2][-]{subsection.3.5}{\376\377\000I\000n\000d\000i\000c\000a\000d\000o\000r\000e\000s\000\040\000p\000a\000r\000a\000\040\000s\000i\000m\000u\000l\000a\000\347\000\343\000o\000\040\000d\000e\000\040\000e\000f\000e\000i\000t\000o\000\040\000n\000o\000\040\000m\000u\000n\000d\000o\000\040\000r\000e\000a\000l}{section.3}% 19
\BOOKMARK [2][-]{subsection.3.6}{\376\377\000A\000g\000r\000u\000p\000a\000m\000e\000n\000t\000o\000\040\000d\000e\000\040\000p\000r\000o\000j\000e\000t\000o\000s\000\040\000e\000m\000\040\000p\000o\000l\000\355\000t\000i\000c\000a\000s\000\040\000p\000\372\000b\000l\000i\000c\000a\000s}{section.3}% 20
\BOOKMARK [2][-]{subsection.3.7}{\376\377\000D\000e\000s\000e\000n\000v\000o\000l\000v\000i\000m\000e\000n\000t\000o\000\040\000d\000a\000\040\000p\000l\000a\000t\000a\000f\000o\000r\000m\000a\000\040\000w\000e\000b}{section.3}% 21
\BOOKMARK [1][-]{section.4}{\376\377\000R\000e\000s\000u\000l\000t\000a\000d\000o\000s}{}% 22
\BOOKMARK [1][-]{section.5}{\376\377\000L\000i\000m\000i\000t\000a\000\347\000\365\000e\000s\000\040\000e\000\040\000a\000m\000e\000a\000\347\000a\000s\000\040\000\340\000\040\000v\000a\000l\000i\000d\000a\000d\000e}{}% 23
\BOOKMARK [1][-]{section.6}{\376\377\000C\000o\000n\000c\000l\000u\000s\000\343\000o}{}% 24
